0 verbose cli /usr/local/bin/node /usr/local/bin/npm
1 info using npm@10.2.3
2 info using node@v18.19.0
3 timing npm:load:whichnode Completed in 2ms
4 timing config:load:defaults Completed in 4ms
5 timing config:load:file:/usr/local/lib/node_modules/npm/npmrc Completed in 2ms
6 timing config:load:builtin Completed in 2ms
7 timing config:load:cli Completed in 5ms
8 timing config:load:env Completed in 1ms
9 timing config:load:project Completed in 6ms
10 timing config:load:file:/src/.npmrc Completed in 2ms
11 timing config:load:user Completed in 2ms
12 timing config:load:file:/usr/local/etc/npmrc Completed in 1ms
13 timing config:load:global Completed in 1ms
14 timing config:load:setEnvs Completed in 2ms
15 timing config:load Completed in 23ms
16 timing npm:load:configload Completed in 24ms
17 timing config:load:flatten Completed in 4ms
18 timing npm:load:mkdirpcache Completed in 3ms
19 timing npm:load:mkdirplogs Completed in 4ms
20 verbose title npm start
21 verbose argv "start"
22 timing npm:load:setTitle Completed in 1ms
23 timing npm:load:display Completed in 1ms
24 verbose logfile logs-max:10 dir:/src/.npm/_logs/2024-02-05T15_41_00_029Z-
25 verbose logfile /src/.npm/_logs/2024-02-05T15_41_00_029Z-debug-0.log
26 timing npm:load:logFile Completed in 60ms
27 timing npm:load:timers Completed in 1ms
28 timing npm:load:configScope Completed in 0ms
29 timing npm:load Completed in 130ms
30 silly logfile done cleaning log files
31 http fetch GET 200 https://registry.npmjs.org/npm 545ms (cache miss)
32 http fetch GET 200 https://registry.npmjs.org/npm 588ms (cache miss)
